<?xml version="1.0" encoding="UTF-8"?>
<!-- Generated by org.testng.reporters.JUnitReportReporter -->
<testsuite hostname="DESKTOP-0RDF39L" failures="0" tests="3" name="com.policy.tests.CreateInsuranceTest" time="54.849" errors="0" timestamp="2024-01-26T16:46:49 CET" skipped="0">
  <testcase classname="com.policy.tests.CreateInsuranceTest" name="createInsurance" time="18.403"/>
  <testcase classname="com.policy.tests.CreateInsuranceTest" name="createInsurance" time="19.104"/>
  <testcase classname="com.policy.tests.CreateInsuranceTest" name="createInsurance" time="17.342"/>
</testsuite> <!-- com.policy.tests.CreateInsuranceTest -->
