<?xml version="1.0" encoding="UTF-8"?>
<!-- Generated by org.testng.reporters.JUnitReportReporter -->
<testsuite hostname="DESKTOP-0RDF39L" failures="0" tests="1" name="com.policy.tests.CreateMultipeInsurancesTest" time="3.528" errors="0" timestamp="2024-01-26T15:46:34 CET" skipped="0">
  <testcase classname="com.policy.tests.CreateMultipeInsurancesTest" name="createMultipleInsurances" time="3.528"/>
</testsuite> <!-- com.policy.tests.CreateMultipeInsurancesTest -->
