<?xml version="1.0" encoding="UTF-8"?>
<!-- Generated by org.testng.reporters.JUnitReportReporter -->
<testsuite hostname="DESKTOP-0RDF39L" failures="0" tests="1" name="com.policy.tests.FilterFunctionalityTest" time="13.881" errors="0" timestamp="2024-01-26T17:11:34 CET" skipped="0">
  <testcase classname="com.policy.tests.FilterFunctionalityTest" name="filterFunctionality" time="13.881"/>
</testsuite> <!-- com.policy.tests.FilterFunctionalityTest -->
