<?xml version="1.0" encoding="UTF-8"?>
<!-- Generated by org.testng.reporters.JUnitReportReporter -->
<testsuite hostname="DESKTOP-0RDF39L" failures="0" tests="1" name="com.policy.tests.LoginTest" time="1.289" errors="0" timestamp="2024-01-25T13:29:33 CET" skipped="0">
  <testcase classname="com.policy.tests.LoginTest" name="loginTest" time="1.289"/>
</testsuite> <!-- com.policy.tests.LoginTest -->
